Using pre-set license
Built from '2021.3/staging' branch; Version is '2021.3.11f1 (0a5ca18544bf) revision 679073'; Using compiler version '192829333'; Build Type 'Release'
OS: 'Windows 10  (10.0.19044) 64bit Professional' Language: 'ko' Physical Memory: 7521 MB
BatchMode: 1, IsHumanControllingUs: 0, StartBugReporterOnCrash: 0, Is64bit: 1, IsPro: 1

COMMAND LINE ARGUMENTS:
C:\Program Files\Unity\Hub\Editor\2021.3.11f1\Editor\Unity.exe
-adb2
-batchMode
-noUpm
-name
AssetImportWorker0
-projectPath
C:/Users/user/Desktop/Dev/Unity Workspace/UnityGame1/UnityGame
-logFile
Logs/AssetImportWorker0.log
-srvPort
52289
Successfully changed project path to: C:/Users/user/Desktop/Dev/Unity Workspace/UnityGame1/UnityGame
C:/Users/user/Desktop/Dev/Unity Workspace/UnityGame1/UnityGame
[UnityMemory] Configuration Parameters - Can be set up in boot.config
    "memorysetup-bucket-allocator-granularity=16"
    "memorysetup-bucket-allocator-bucket-count=8"
    "memorysetup-bucket-allocator-block-size=33554432"
    "memorysetup-bucket-allocator-block-count=8"
    "memorysetup-main-allocator-block-size=16777216"
    "memorysetup-thread-allocator-block-size=16777216"
    "memorysetup-gfx-main-allocator-block-size=16777216"
    "memorysetup-gfx-thread-allocator-block-size=16777216"
    "memorysetup-cache-allocator-block-size=4194304"
    "memorysetup-typetree-allocator-block-size=2097152"
    "memorysetup-profiler-bucket-allocator-granularity=16"
    "memorysetup-profiler-bucket-allocator-bucket-count=8"
    "memorysetup-profiler-bucket-allocator-block-size=33554432"
    "memorysetup-profiler-bucket-allocator-block-count=8"
    "memorysetup-profiler-allocator-block-size=16777216"
    "memorysetup-profiler-editor-allocator-block-size=1048576"
    "memorysetup-temp-allocator-size-main=16777216"
    "memorysetup-job-temp-allocator-block-size=2097152"
    "memorysetup-job-temp-allocator-block-size-background=1048576"
    "memorysetup-job-temp-allocator-reduction-small-platforms=262144"
    "memorysetup-temp-allocator-size-background-worker=32768"
    "memorysetup-temp-allocator-size-job-worker=262144"
    "memorysetup-temp-allocator-size-preload-manager=33554432"
    "memorysetup-temp-allocator-size-nav-mesh-worker=65536"
    "memorysetup-temp-allocator-size-audio-worker=65536"
    "memorysetup-temp-allocator-size-cloud-worker=32768"
    "memorysetup-temp-allocator-size-gi-baking-worker=262144"
    "memorysetup-temp-allocator-size-gfx=262144"
Refreshing native plugins compatible for Editor in 125.25 ms, found 3 plugins.
Preloading 0 native plugins for Editor in 0.00 ms.
Initialize engine version: 2021.3.11f1 (0a5ca18544bf)
[Subsystems] Discovering subsystems at path C:/Program Files/Unity/Hub/Editor/2021.3.11f1/Editor/Data/Resources/UnitySubsystems
[Subsystems] Discovering subsystems at path C:/Users/user/Desktop/Dev/Unity Workspace/UnityGame1/UnityGame/Assets
GfxDevice: creating device client; threaded=0; jobified=0
Direct3D:
    Version:  Direct3D 11.0 [level 11.1]
    Renderer: AMD Radeon(TM) Graphics (ID=0x164c)
    Vendor:   ATI
    VRAM:     3760 MB
    Driver:   27.20.15002.118
Initialize mono
Mono path[0] = 'C:/Program Files/Unity/Hub/Editor/2021.3.11f1/Editor/Data/Managed'
Mono path[1] = 'C:/Program Files/Unity/Hub/Editor/2021.3.11f1/Editor/Data/MonoBleedingEdge/lib/mono/unityjit-win32'
Mono config path = 'C:/Program Files/Unity/Hub/Editor/2021.3.11f1/Editor/Data/MonoBleedingEdge/etc'
Using monoOptions --debugger-agent=transport=dt_socket,embedding=1,server=y,suspend=n,address=127.0.0.1:56872
Begin MonoManager ReloadAssembly
Registering precompiled unity dll's ...
Register platform support module: C:/Program Files/Unity/Hub/Editor/2021.3.11f1/Editor/Data/PlaybackEngines/AndroidPlayer/UnityEditor.Android.Extensions.dll
Register platform support module: C:/Program Files/Unity/Hub/Editor/2021.3.11f1/Editor/Data/PlaybackEngines/WindowsStandaloneSupport/UnityEditor.WindowsStandalone.Extensions.dll
Registered in 0.016806 seconds.
Native extension for WindowsStandalone target not found
Native extension for Android target not found
Refreshing native plugins compatible for Editor in 89.50 ms, found 3 plugins.
Preloading 0 native plugins for Editor in 0.00 ms.
Mono: successfully reloaded assembly
- Completed reload, in  0.949 seconds
Domain Reload Profiling:
	ReloadAssembly (950ms)
		BeginReloadAssembly (134ms)
			ExecutionOrderSort (0ms)
			DisableScriptedObjects (0ms)
			BackupInstance (0ms)
			ReleaseScriptingObjects (0ms)
			CreateAndSetChildDomain (1ms)
		EndReloadAssembly (630ms)
			LoadAssemblies (128ms)
			RebuildTransferFunctionScriptingTraits (0ms)
			SetupTypeCache (177ms)
			ReleaseScriptCaches (0ms)
			RebuildScriptCaches (33ms)
			SetupLoadedEditorAssemblies (355ms)
				LogAssemblyErrors (0ms)
				InitializePlatformSupportModulesInManaged (66ms)
				SetLoadedEditorAssemblies (1ms)
				RefreshPlugins (90ms)
				BeforeProcessingInitializeOnLoad (2ms)
				ProcessInitializeOnLoadAttributes (129ms)
				ProcessInitializeOnLoadMethodAttributes (68ms)
				AfterProcessingInitializeOnLoad (0ms)
				EditorAssembliesLoaded (0ms)
			ExecutionOrderSort2 (0ms)
			AwakeInstancesAfterBackupRestoration (0ms)
Platform modules already initialized, skipping
Registering precompiled user dll's ...
Registered in 0.009093 seconds.
Begin MonoManager ReloadAssembly
Symbol file LoadedFromMemory doesn't match image C:\Users\user\Desktop\Dev\Unity Workspace\UnityGame1\UnityGame\Library\PackageCache\com.unity.visualscripting@1.7.8\Editor\VisualScripting.Core\Dependencies\YamlDotNet\Unity.VisualScripting.YamlDotNet.dll
Symbol file LoadedFromMemory doesn't match image C:\Users\user\Desktop\Dev\Unity Workspace\UnityGame1\UnityGame\Library\PackageCache\com.unity.visualscripting@1.7.8\Editor\VisualScripting.Core\Dependencies\DotNetZip\Unity.VisualScripting.IonicZip.dll
Native extension for WindowsStandalone target not found
Native extension for Android target not found
Refreshing native plugins compatible for Editor in 0.88 ms, found 3 plugins.
Preloading 0 native plugins for Editor in 0.00 ms.
Mono: successfully reloaded assembly
- Completed reload, in  1.411 seconds
Domain Reload Profiling:
	ReloadAssembly (1412ms)
		BeginReloadAssembly (242ms)
			ExecutionOrderSort (0ms)
			DisableScriptedObjects (7ms)
			BackupInstance (0ms)
			ReleaseScriptingObjects (0ms)
			CreateAndSetChildDomain (129ms)
		EndReloadAssembly (1013ms)
			LoadAssemblies (119ms)
			RebuildTransferFunctionScriptingTraits (0ms)
			SetupTypeCache (316ms)
			ReleaseScriptCaches (1ms)
			RebuildScriptCaches (82ms)
			SetupLoadedEditorAssemblies (449ms)
				LogAssemblyErrors (0ms)
				InitializePlatformSupportModulesInManaged (23ms)
				SetLoadedEditorAssemblies (1ms)
				RefreshPlugins (1ms)
				BeforeProcessingInitializeOnLoad (114ms)
				ProcessInitializeOnLoadAttributes (271ms)
				ProcessInitializeOnLoadMethodAttributes (29ms)
				AfterProcessingInitializeOnLoad (10ms)
				EditorAssembliesLoaded (0ms)
			ExecutionOrderSort2 (0ms)
			AwakeInstancesAfterBackupRestoration (12ms)
Platform modules already initialized, skipping
========================================================================
Worker process is ready to serve import requests
Launched and connected shader compiler UnityShaderCompiler.exe after 0.06 seconds
Refreshing native plugins compatible for Editor in 2.02 ms, found 3 plugins.
Preloading 0 native plugins for Editor in 0.00 ms.
Unloading 3402 Unused Serialized files (Serialized files now loaded: 0)
Unloading 26 unused Assets / (87.6 KB). Loaded Objects now: 3887.
Memory consumption went from 134.3 MB to 134.2 MB.
Total: 4.739300 ms (FindLiveObjects: 0.423100 ms CreateObjectMapping: 0.127400 ms MarkObjects: 4.039400 ms  DeleteObjects: 0.147800 ms)

AssetImportParameters requested are different than current active one (requested -> active):
  custom:video-decoder-ogg-theora: a1e56fd34408186e4bbccfd4996cb3dc -> 
  custom:container-muxer-webm: aa71ff27fc2769a1b78a27578f13a17b -> 
  custom:container-demuxer-webm: 4f35f7cbe854078d1ac9338744f61a02 -> 
  custom:video-encoder-webm-vp8: eb34c28f22e8b96e1ab97ce403110664 -> 
  custom:audio-encoder-webm-vorbis: bf7c407c2cedff20999df2af8eb42d56 -> 
  custom:framework-win-MediaFoundation: 216162199b28c13a410421893ffa2e32 -> 
  custom:container-demuxer-ogg: 62fdf1f143b41e24485cea50d1cbac27 -> 
  custom:video-decoder-webm-vp8: 9c59270c3fd7afecdb556c50c9e8de78 -> 
  custom:audio-decoder-ogg-vorbis: bf7c407c2cedff20999df2af8eb42d56 -> 
========================================================================
Received Import Request.
  Time since last request: 250141.226276 seconds.
  path: Assets/Scripts/Enemy
  artifactKey: Guid(adb3c5f91c2da4546917ee447a4059be) Importer(815301076,1909f56bfc062723c751e8b465ee728b)
Start importing Assets/Scripts/Enemy using Guid(adb3c5f91c2da4546917ee447a4059be) Importer(815301076,1909f56bfc062723c751e8b465ee728b)  -> (artifact id: '60440290e43460a198bb096bde833473') in 0.020862 seconds 
========================================================================
Received Import Request.
  Time since last request: 9.077086 seconds.
  path: Assets/Scripts/Enemy/Script
  artifactKey: Guid(0d52961cc078f444f8fc74a6b7753bed) Importer(815301076,1909f56bfc062723c751e8b465ee728b)
Start importing Assets/Scripts/Enemy/Script using Guid(0d52961cc078f444f8fc74a6b7753bed) Importer(815301076,1909f56bfc062723c751e8b465ee728b)  -> (artifact id: '62864ef6cbf24ec165fc6e080cb6cd16') in 0.010003 seconds 
========================================================================
Received Import Request.
  Time since last request: 13.906043 seconds.
  path: Assets/RPGHero/PromotionImage.jpg
  artifactKey: Guid(5cb6c6af00f7e294baeda13ac52fb671) Importer(815301076,1909f56bfc062723c751e8b465ee728b)
Start importing Assets/RPGHero/PromotionImage.jpg using Guid(5cb6c6af00f7e294baeda13ac52fb671) Importer(815301076,1909f56bfc062723c751e8b465ee728b)  -> (artifact id: '311ce7900ffa21483ee3d79adba9924e') in 0.176918 seconds 
========================================================================
Received Prepare
Registering precompiled user dll's ...
Registered in 0.010157 seconds.
Begin MonoManager ReloadAssembly
Symbol file LoadedFromMemory doesn't match image C:\Users\user\Desktop\Dev\Unity Workspace\UnityGame1\UnityGame\Library\PackageCache\com.unity.visualscripting@1.7.8\Editor\VisualScripting.Core\Dependencies\YamlDotNet\Unity.VisualScripting.YamlDotNet.dll
Symbol file LoadedFromMemory doesn't match image C:\Users\user\Desktop\Dev\Unity Workspace\UnityGame1\UnityGame\Library\PackageCache\com.unity.visualscripting@1.7.8\Editor\VisualScripting.Core\Dependencies\DotNetZip\Unity.VisualScripting.IonicZip.dll
Native extension for WindowsStandalone target not found
Native extension for Android target not found
Refreshing native plugins compatible for Editor in 1.03 ms, found 3 plugins.
Preloading 0 native plugins for Editor in 0.00 ms.
Mono: successfully reloaded assembly
- Completed reload, in  1.362 seconds
Domain Reload Profiling:
	ReloadAssembly (1362ms)
		BeginReloadAssembly (219ms)
			ExecutionOrderSort (0ms)
			DisableScriptedObjects (6ms)
			BackupInstance (0ms)
			ReleaseScriptingObjects (0ms)
			CreateAndSetChildDomain (58ms)
		EndReloadAssembly (1009ms)
			LoadAssemblies (168ms)
			RebuildTransferFunctionScriptingTraits (0ms)
			SetupTypeCache (370ms)
			ReleaseScriptCaches (1ms)
			RebuildScriptCaches (41ms)
			SetupLoadedEditorAssemblies (415ms)
				LogAssemblyErrors (0ms)
				InitializePlatformSupportModulesInManaged (32ms)
				SetLoadedEditorAssemblies (1ms)
				RefreshPlugins (1ms)
				BeforeProcessingInitializeOnLoad (85ms)
				ProcessInitializeOnLoadAttributes (252ms)
				ProcessInitializeOnLoadMethodAttributes (33ms)
				AfterProcessingInitializeOnLoad (11ms)
				EditorAssembliesLoaded (0ms)
			ExecutionOrderSort2 (0ms)
			AwakeInstancesAfterBackupRestoration (12ms)
Platform modules already initialized, skipping
Refreshing native plugins compatible for Editor in 2.44 ms, found 3 plugins.
Preloading 0 native plugins for Editor in 0.00 ms.
Unloading 3386 Unused Serialized files (Serialized files now loaded: 0)
Unloading 20 unused Assets / (80.3 KB). Loaded Objects now: 3895.
Memory consumption went from 133.0 MB to 132.9 MB.
Total: 3.266600 ms (FindLiveObjects: 0.383400 ms CreateObjectMapping: 0.103000 ms MarkObjects: 2.655500 ms  DeleteObjects: 0.123000 ms)

AssetImportParameters requested are different than current active one (requested -> active):
  custom:video-decoder-ogg-theora: a1e56fd34408186e4bbccfd4996cb3dc -> 
  custom:container-muxer-webm: aa71ff27fc2769a1b78a27578f13a17b -> 
  custom:container-demuxer-webm: 4f35f7cbe854078d1ac9338744f61a02 -> 
  custom:video-encoder-webm-vp8: eb34c28f22e8b96e1ab97ce403110664 -> 
  custom:audio-encoder-webm-vorbis: bf7c407c2cedff20999df2af8eb42d56 -> 
  custom:framework-win-MediaFoundation: 216162199b28c13a410421893ffa2e32 -> 
  custom:container-demuxer-ogg: 62fdf1f143b41e24485cea50d1cbac27 -> 
  custom:video-decoder-webm-vp8: 9c59270c3fd7afecdb556c50c9e8de78 -> 
  custom:audio-decoder-ogg-vorbis: bf7c407c2cedff20999df2af8eb42d56 -> 
========================================================================
Received Import Request.
  Time since last request: 85.092747 seconds.
  path: Assets/RPG Monster Duo PBR Polyart/Promotion.jpg
  artifactKey: Guid(2a5a5f4f146cce3499cfcc7ee45b9b1a) Importer(815301076,1909f56bfc062723c751e8b465ee728b)
Start importing Assets/RPG Monster Duo PBR Polyart/Promotion.jpg using Guid(2a5a5f4f146cce3499cfcc7ee45b9b1a) Importer(815301076,1909f56bfc062723c751e8b465ee728b)  -> (artifact id: 'eb0d92aa7c8df05f5d9fb038b4818f51') in 0.134178 seconds 
========================================================================
Received Import Request.
  Time since last request: 1.923762 seconds.
  path: Assets/RPG Monster Duo PBR Polyart/Prefabs
  artifactKey: Guid(8127742742335384f97472bb26841d4c) Importer(815301076,1909f56bfc062723c751e8b465ee728b)
Start importing Assets/RPG Monster Duo PBR Polyart/Prefabs using Guid(8127742742335384f97472bb26841d4c) Importer(815301076,1909f56bfc062723c751e8b465ee728b)  -> (artifact id: '531d5787f328a1d6394128649c6f687d') in 0.016400 seconds 
========================================================================
Received Import Request.
  Time since last request: 0.077251 seconds.
  path: Assets/RPG Monster Duo PBR Polyart/Prefabs/Slime.prefab
  artifactKey: Guid(a817c29ea6847604bb2c6c51d9a74bf1) Importer(815301076,1909f56bfc062723c751e8b465ee728b)
Start importing Assets/RPG Monster Duo PBR Polyart/Prefabs/Slime.prefab using Guid(a817c29ea6847604bb2c6c51d9a74bf1) Importer(815301076,1909f56bfc062723c751e8b465ee728b)  -> (artifact id: 'fe071fbf7bf7d930d615aed7c4ef22a5') in 0.161940 seconds 
========================================================================
Received Import Request.
  Time since last request: 0.000066 seconds.
  path: Assets/RPG Monster Duo PBR Polyart/Prefabs/TurtleShellPBR.prefab
  artifactKey: Guid(38efdaadbfe1d624bbee439cb02e7661) Importer(815301076,1909f56bfc062723c751e8b465ee728b)
Start importing Assets/RPG Monster Duo PBR Polyart/Prefabs/TurtleShellPBR.prefab using Guid(38efdaadbfe1d624bbee439cb02e7661) Importer(815301076,1909f56bfc062723c751e8b465ee728b)  -> (artifact id: 'a85f8dafc74dcdec28ef04278f769af1') in 0.111946 seconds 
========================================================================
Received Import Request.
  Time since last request: 37.198143 seconds.
  path: Assets/RPG Monster Duo PBR Polyart/Animators/Slime.controller
  artifactKey: Guid(fb53b4d3a4f06844c90da7297e9082de) Importer(815301076,1909f56bfc062723c751e8b465ee728b)
Start importing Assets/RPG Monster Duo PBR Polyart/Animators/Slime.controller using Guid(fb53b4d3a4f06844c90da7297e9082de) Importer(815301076,1909f56bfc062723c751e8b465ee728b)  -> (artifact id: '48e32c2beb88565e08e2c4f1490f9934') in 0.023503 seconds 
========================================================================
Received Import Request.
  Time since last request: 173.922224 seconds.
  path: Assets/RPG Monster Duo PBR Polyart/Animations/Slime
  artifactKey: Guid(10e0c415a9ecedd49a3d4d5e29395d96) Importer(815301076,1909f56bfc062723c751e8b465ee728b)
Start importing Assets/RPG Monster Duo PBR Polyart/Animations/Slime using Guid(10e0c415a9ecedd49a3d4d5e29395d96) Importer(815301076,1909f56bfc062723c751e8b465ee728b)  -> (artifact id: '2cc61dbba9838a7799667b187193e4b6') in 0.004429 seconds 
========================================================================
Received Import Request.
  Time since last request: 0.060041 seconds.
  path: Assets/RPG Monster Duo PBR Polyart/Animations/Slime/Attack01_Slime_Anim.fbx
  artifactKey: Guid(438236b1bb4dc03468cb3f2d12fa922c) Importer(815301076,1909f56bfc062723c751e8b465ee728b)
Start importing Assets/RPG Monster Duo PBR Polyart/Animations/Slime/Attack01_Slime_Anim.fbx using Guid(438236b1bb4dc03468cb3f2d12fa922c) Importer(815301076,1909f56bfc062723c751e8b465ee728b)  -> (artifact id: '8f3238c1a596c8103093c2ea0cc9123b') in 0.102873 seconds 
========================================================================
Received Import Request.
  Time since last request: 0.000033 seconds.
  path: Assets/RPG Monster Duo PBR Polyart/Animations/Slime/WalkLeft_Slime_Anim.fbx
  artifactKey: Guid(89d2cadc7addca64c8849fb4c8d0928d) Importer(815301076,1909f56bfc062723c751e8b465ee728b)
Start importing Assets/RPG Monster Duo PBR Polyart/Animations/Slime/WalkLeft_Slime_Anim.fbx using Guid(89d2cadc7addca64c8849fb4c8d0928d) Importer(815301076,1909f56bfc062723c751e8b465ee728b)  -> (artifact id: '6175ff732b9bbb9b753c579e57f3ac42') in 0.095232 seconds 
========================================================================
Received Import Request.
  Time since last request: 0.000056 seconds.
  path: Assets/RPG Monster Duo PBR Polyart/Animations/Slime/IdleNormal_Slime_Anim.fbx
  artifactKey: Guid(21b5bb1519e484148aa30042c43904c0) Importer(815301076,1909f56bfc062723c751e8b465ee728b)
Start importing Assets/RPG Monster Duo PBR Polyart/Animations/Slime/IdleNormal_Slime_Anim.fbx using Guid(21b5bb1519e484148aa30042c43904c0) Importer(815301076,1909f56bfc062723c751e8b465ee728b)  -> (artifact id: '2edfe4070e9bae1fb7c58a21592b1687') in 0.085386 seconds 
========================================================================
Received Import Request.
  Time since last request: 0.000135 seconds.
  path: Assets/RPG Monster Duo PBR Polyart/Animations/Slime/SenseSomethingStart_Slime_Anim.fbx
  artifactKey: Guid(81c4fe76ddb8c314087afd9c59b831b3) Importer(815301076,1909f56bfc062723c751e8b465ee728b)
Start importing Assets/RPG Monster Duo PBR Polyart/Animations/Slime/SenseSomethingStart_Slime_Anim.fbx using Guid(81c4fe76ddb8c314087afd9c59b831b3) Importer(815301076,1909f56bfc062723c751e8b465ee728b)  -> (artifact id: 'd84ea33e2778bf787f30e77513f6440e') in 0.069925 seconds 
========================================================================
Received Import Request.
  Time since last request: 0.000067 seconds.
  path: Assets/RPG Monster Duo PBR Polyart/Animations/Slime/GetHit_Slime_Anim.fbx
  artifactKey: Guid(a4dd2805a4cbc5b428b746ff8cf375c4) Importer(815301076,1909f56bfc062723c751e8b465ee728b)
Start importing Assets/RPG Monster Duo PBR Polyart/Animations/Slime/GetHit_Slime_Anim.fbx using Guid(a4dd2805a4cbc5b428b746ff8cf375c4) Importer(815301076,1909f56bfc062723c751e8b465ee728b)  -> (artifact id: 'eb300959749552b2f70fafc5e6732198') in 0.071989 seconds 
========================================================================
Received Import Request.
  Time since last request: 0.000068 seconds.
  path: Assets/RPG Monster Duo PBR Polyart/Animations/Slime/IdleBattle_Slime_Anim.fbx
  artifactKey: Guid(2bfd6fdaf6b23874ca93fca2e578b931) Importer(815301076,1909f56bfc062723c751e8b465ee728b)
Start importing Assets/RPG Monster Duo PBR Polyart/Animations/Slime/IdleBattle_Slime_Anim.fbx using Guid(2bfd6fdaf6b23874ca93fca2e578b931) Importer(815301076,1909f56bfc062723c751e8b465ee728b)  -> (artifact id: '1f04f4a0581a847fd769af03ef0f541b') in 0.103590 seconds 
========================================================================
Received Import Request.
  Time since last request: 0.000204 seconds.
  path: Assets/RPG Monster Duo PBR Polyart/Animations/Slime/Taunt_Slime_Anim.fbx
  artifactKey: Guid(4633f9c0f50bbb548a176fd4c0f5a0b9) Importer(815301076,1909f56bfc062723c751e8b465ee728b)
Start importing Assets/RPG Monster Duo PBR Polyart/Animations/Slime/Taunt_Slime_Anim.fbx using Guid(4633f9c0f50bbb548a176fd4c0f5a0b9) Importer(815301076,1909f56bfc062723c751e8b465ee728b)  -> (artifact id: 'b82a350439776fbfa0f07a157225f105') in 0.087617 seconds 
========================================================================
Received Import Request.
  Time since last request: 0.000110 seconds.
  path: Assets/RPG Monster Duo PBR Polyart/Animations/Slime/Dizzy_Slime_Anim.fbx
  artifactKey: Guid(08a0ee10a8d761e41bf8bc9b832040d1) Importer(815301076,1909f56bfc062723c751e8b465ee728b)
Start importing Assets/RPG Monster Duo PBR Polyart/Animations/Slime/Dizzy_Slime_Anim.fbx using Guid(08a0ee10a8d761e41bf8bc9b832040d1) Importer(815301076,1909f56bfc062723c751e8b465ee728b)  -> (artifact id: '974fce8abec89b0a347d68d7462d82ee') in 0.083132 seconds 
Editor requested this worker to shutdown with reason: Scaling down because of idle timeout
AssetImportWorker is now disconnected from the server
Process exiting
Exiting without the bug reporter. Application will terminate with return code 0